<?xml version="1.0" encoding="UTF-8"?>
<testsuite name="ohtu.intjoukkosovellus.JoukkoOperaatiotTest" tests="1" skipped="0" failures="0" errors="0" timestamp="2018-11-30T15:57:48" hostname="DESKTOP-1CKOBA7" time="0.0">
  <properties/>
  <testcase name="testSomething" classname="ohtu.intjoukkosovellus.JoukkoOperaatiotTest" time="0.0"/>
  <system-out><![CDATA[]]></system-out>
  <system-err><![CDATA[]]></system-err>
</testsuite>
